
[93mACE v2.1 [0m

  [94minstance[0m
    name:ipykernel_launcher

  Loading variables...

  Loading constraints...

  [94mdomains[0m
    types:5  values:131  sizes:[10:1,11:1,13:1,14:5,27:1]
  [94mvariables[0m
    count:9  auxiliary:1  arrays:3  degrees:[2:2,3:1,7:4,8:2]
  [94mconstraints[0m
    count:20  specific:20  groups:6  arities:[1:2,2:14,3:1,4:1,7:2]
    distribution:[Add3EQ:1,Dist2EQ:3,Dist2GE:8,Maximum:1,Minimum:1,NValuesCstLE:2,ObjVarGEu:1,ObjVarLEu:1,Sub2EQ:2]
    wck:0.09  cpu:0.384  mem:10M912
  [94mobjective[0m
    way:min  type:ObjVarLE  bounds:-182..182

  Building solver... 

  [94msolver[0m
    guaranteedAC:false
    wck:0.10  cpu:0.392  mem:12M761

  [94mpreprocessing[0m
    effs:7  values:85  removedByAC:46  unsat:false
    wck:0.0  cpu:0.392  mem:12M761

[92mo 182[0m  0.10
    run0  dpts:0..8  effs:407  fails:28  wrgs:36  wck:0.00  bounds:-182..181

  [94mglobal[0m
    effs:407
    stop:FULL_EXPLORATION  wrgs:36  bound:182  boundWck:0.103  sols:1  sol1Cpu:0.393
    wck:0.11  cpu:0.399  mem:13M110


  Solution 1 in JSON format:
   {
    E_fq: [14, 56, 196],
    R_fq: [154, 196, 56],
    aux_gb: [196, 14]
   }

[92ms OPTIMUM FOUND[0m
[92m
v[0m <instantiation id='sol1' type='solution' cost='182'> <list> E_fq[] R_fq[] aux_gb[] </list> <values> 14 56 196 154 196 56 196 14 </values> </instantiation>
[92m
d WRONG DECISIONS[0m 36
[92md FOUND SOLUTIONS[0m 1
[92md BOUND[0m 182
[92md COMPLETE EXPLORATION[0m

c real time : 0.401
